2023-04-17T11:27:34.775Z error: uncaughtException: unknown format "uri" ignored in schema at path "#/properties/broadArea/properties/link"
Error: unknown format "uri" ignored in schema at path "#/properties/broadArea/properties/link"
    at unknownFormat (C:\Users\shrey\npmpack\testlab\lab-data-structures-lab-I-iiith\ph3-lab-mgmt\node_modules\ajv\dist\vocabularies\format\format.js:63:23)
    at validateFormat (C:\Users\shrey\npmpack\testlab\lab-data-structures-lab-I-iiith\ph3-lab-mgmt\node_modules\ajv\dist\vocabularies\format\format.js:50:17)
    at Object.code (C:\Users\shrey\npmpack\testlab\lab-data-structures-lab-I-iiith\ph3-lab-mgmt\node_modules\ajv\dist\vocabularies\format\format.js:22:13)
    at keywordCode (C:\Users\shrey\npmpack\testlab\lab-data-structures-lab-I-iiith\ph3-lab-mgmt\node_modules\ajv\dist\compile\validate\index.js:464:13)
    at C:\Users\shrey\npmpack\testlab\lab-data-structures-lab-I-iiith\ph3-lab-mgmt\node_modules\ajv\dist\compile\validate\index.js:222:17
    at CodeGen.code (C:\Users\shrey\npmpack\testlab\lab-data-structures-lab-I-iiith\ph3-lab-mgmt\node_modules\ajv\dist\compile\codegen\index.js:439:13)
    at CodeGen.block (C:\Users\shrey\npmpack\testlab\lab-data-structures-lab-I-iiith\ph3-lab-mgmt\node_modules\ajv\dist\compile\codegen\index.js:568:18)
    at iterateKeywords (C:\Users\shrey\npmpack\testlab\lab-data-structures-lab-I-iiith\ph3-lab-mgmt\node_modules\ajv\dist\compile\validate\index.js:219:9)
    at groupKeywords (C:\Users\shrey\npmpack\testlab\lab-data-structures-lab-I-iiith\ph3-lab-mgmt\node_modules\ajv\dist\compile\validate\index.js:200:13)
    at C:\Users\shrey\npmpack\testlab\lab-data-structures-lab-I-iiith\ph3-lab-mgmt\node_modules\ajv\dist\compile\validate\index.js:192:13
2023-04-17T11:29:57.384Z error: uncaughtException: unknown format "hostname" ignored in schema at path "#/properties/baseUrl"
Error: unknown format "hostname" ignored in schema at path "#/properties/baseUrl"
    at unknownFormat (C:\Users\shrey\npmpack\testlab\lab-data-structures-lab-I-iiith\ph3-lab-mgmt\node_modules\ajv\dist\vocabularies\format\format.js:63:23)
    at validateFormat (C:\Users\shrey\npmpack\testlab\lab-data-structures-lab-I-iiith\ph3-lab-mgmt\node_modules\ajv\dist\vocabularies\format\format.js:50:17)
    at Object.code (C:\Users\shrey\npmpack\testlab\lab-data-structures-lab-I-iiith\ph3-lab-mgmt\node_modules\ajv\dist\vocabularies\format\format.js:22:13)
    at keywordCode (C:\Users\shrey\npmpack\testlab\lab-data-structures-lab-I-iiith\ph3-lab-mgmt\node_modules\ajv\dist\compile\validate\index.js:464:13)
    at C:\Users\shrey\npmpack\testlab\lab-data-structures-lab-I-iiith\ph3-lab-mgmt\node_modules\ajv\dist\compile\validate\index.js:222:17
    at CodeGen.code (C:\Users\shrey\npmpack\testlab\lab-data-structures-lab-I-iiith\ph3-lab-mgmt\node_modules\ajv\dist\compile\codegen\index.js:439:13)
    at CodeGen.block (C:\Users\shrey\npmpack\testlab\lab-data-structures-lab-I-iiith\ph3-lab-mgmt\node_modules\ajv\dist\compile\codegen\index.js:568:18)
    at iterateKeywords (C:\Users\shrey\npmpack\testlab\lab-data-structures-lab-I-iiith\ph3-lab-mgmt\node_modules\ajv\dist\compile\validate\index.js:219:9)
    at groupKeywords (C:\Users\shrey\npmpack\testlab\lab-data-structures-lab-I-iiith\ph3-lab-mgmt\node_modules\ajv\dist\compile\validate\index.js:200:13)
    at C:\Users\shrey\npmpack\testlab\lab-data-structures-lab-I-iiith\ph3-lab-mgmt\node_modules\ajv\dist\compile\validate\index.js:192:13
2023-04-17T11:30:21.283Z error: uncaughtException: strict mode: unknown keyword: "minlength"
Error: strict mode: unknown keyword: "minlength"
    at checkStrictMode (C:\Users\shrey\npmpack\testlab\lab-data-structures-lab-I-iiith\ph3-lab-mgmt\node_modules\ajv\dist\compile\util.js:174:15)
    at checkUnknownRules (C:\Users\shrey\npmpack\testlab\lab-data-structures-lab-I-iiith\ph3-lab-mgmt\node_modules\ajv\dist\compile\util.js:32:13)
    at alwaysValidSchema (C:\Users\shrey\npmpack\testlab\lab-data-structures-lab-I-iiith\ph3-lab-mgmt\node_modules\ajv\dist\compile\util.js:19:5)
    at C:\Users\shrey\npmpack\testlab\lab-data-structures-lab-I-iiith\ph3-lab-mgmt\node_modules\ajv\dist\vocabularies\applicator\properties.js:23:81
    at Array.filter (<anonymous>)
    at Object.code (C:\Users\shrey\npmpack\testlab\lab-data-structures-lab-I-iiith\ph3-lab-mgmt\node_modules\ajv\dist\vocabularies\applicator\properties.js:23:37)
    at keywordCode (C:\Users\shrey\npmpack\testlab\lab-data-structures-lab-I-iiith\ph3-lab-mgmt\node_modules\ajv\dist\compile\validate\index.js:464:13)
    at C:\Users\shrey\npmpack\testlab\lab-data-structures-lab-I-iiith\ph3-lab-mgmt\node_modules\ajv\dist\compile\validate\index.js:222:17
    at CodeGen.code (C:\Users\shrey\npmpack\testlab\lab-data-structures-lab-I-iiith\ph3-lab-mgmt\node_modules\ajv\dist\compile\codegen\index.js:439:13)
    at CodeGen.block (C:\Users\shrey\npmpack\testlab\lab-data-structures-lab-I-iiith\ph3-lab-mgmt\node_modules\ajv\dist\compile\codegen\index.js:568:18)
2023-04-17T11:31:26.087Z error: [Task.js:143:13] C:\Users\shrey\npmpack\testlab\lab-data-structures-lab-I-iiith\ph3-lab-mgmt\exprepos\bubble-sort\build\bubble-sort\B does not exist
2023-04-17T11:31:26.088Z error: [Task.js:143:13] C:\Users\shrey\npmpack\testlab\lab-data-structures-lab-I-iiith\ph3-lab-mgmt\exprepos\bubble-sort\build\bubble-sort\u does not exist
2023-04-17T11:31:26.088Z error: [Task.js:143:13] C:\Users\shrey\npmpack\testlab\lab-data-structures-lab-I-iiith\ph3-lab-mgmt\exprepos\bubble-sort\build\bubble-sort\b does not exist
2023-04-17T11:31:26.089Z error: [Task.js:143:13] C:\Users\shrey\npmpack\testlab\lab-data-structures-lab-I-iiith\ph3-lab-mgmt\exprepos\bubble-sort\build\bubble-sort\b does not exist
2023-04-17T11:31:26.090Z error: [Task.js:143:13] C:\Users\shrey\npmpack\testlab\lab-data-structures-lab-I-iiith\ph3-lab-mgmt\exprepos\bubble-sort\build\bubble-sort\l does not exist
2023-04-17T11:31:26.091Z error: [Task.js:143:13] C:\Users\shrey\npmpack\testlab\lab-data-structures-lab-I-iiith\ph3-lab-mgmt\exprepos\bubble-sort\build\bubble-sort\e does not exist
2023-04-17T11:31:26.092Z error: [Task.js:143:13] C:\Users\shrey\npmpack\testlab\lab-data-structures-lab-I-iiith\ph3-lab-mgmt\exprepos\bubble-sort\build\bubble-sort\  does not exist
2023-04-17T11:31:26.093Z error: [Task.js:143:13] C:\Users\shrey\npmpack\testlab\lab-data-structures-lab-I-iiith\ph3-lab-mgmt\exprepos\bubble-sort\build\bubble-sort\S does not exist
2023-04-17T11:31:26.094Z error: [Task.js:143:13] C:\Users\shrey\npmpack\testlab\lab-data-structures-lab-I-iiith\ph3-lab-mgmt\exprepos\bubble-sort\build\bubble-sort\o does not exist
2023-04-17T11:31:26.095Z error: [Task.js:143:13] C:\Users\shrey\npmpack\testlab\lab-data-structures-lab-I-iiith\ph3-lab-mgmt\exprepos\bubble-sort\build\bubble-sort\r does not exist
2023-04-17T11:31:26.096Z error: [Task.js:143:13] C:\Users\shrey\npmpack\testlab\lab-data-structures-lab-I-iiith\ph3-lab-mgmt\exprepos\bubble-sort\build\bubble-sort\t does not exist
2023-04-17T11:31:26.097Z error: [Task.js:143:13] C:\Users\shrey\npmpack\testlab\lab-data-structures-lab-I-iiith\ph3-lab-mgmt\exprepos\bubble-sort\build\bubble-sort\  does not exist
2023-04-17T11:31:26.098Z error: [Task.js:143:13] C:\Users\shrey\npmpack\testlab\lab-data-structures-lab-I-iiith\ph3-lab-mgmt\exprepos\bubble-sort\build\bubble-sort\E does not exist
2023-04-17T11:31:26.100Z error: [Task.js:143:13] C:\Users\shrey\npmpack\testlab\lab-data-structures-lab-I-iiith\ph3-lab-mgmt\exprepos\bubble-sort\build\bubble-sort\x does not exist
2023-04-17T11:31:26.101Z error: [Task.js:143:13] C:\Users\shrey\npmpack\testlab\lab-data-structures-lab-I-iiith\ph3-lab-mgmt\exprepos\bubble-sort\build\bubble-sort\p does not exist
2023-04-17T11:31:26.102Z error: [Task.js:143:13] C:\Users\shrey\npmpack\testlab\lab-data-structures-lab-I-iiith\ph3-lab-mgmt\exprepos\bubble-sort\build\bubble-sort\e does not exist
2023-04-17T11:31:26.103Z error: [Task.js:143:13] C:\Users\shrey\npmpack\testlab\lab-data-structures-lab-I-iiith\ph3-lab-mgmt\exprepos\bubble-sort\build\bubble-sort\r does not exist
2023-04-17T11:31:26.104Z error: [Task.js:143:13] C:\Users\shrey\npmpack\testlab\lab-data-structures-lab-I-iiith\ph3-lab-mgmt\exprepos\bubble-sort\build\bubble-sort\i does not exist
2023-04-17T11:31:26.105Z error: [Task.js:143:13] C:\Users\shrey\npmpack\testlab\lab-data-structures-lab-I-iiith\ph3-lab-mgmt\exprepos\bubble-sort\build\bubble-sort\m does not exist
2023-04-17T11:31:26.107Z error: [Task.js:143:13] C:\Users\shrey\npmpack\testlab\lab-data-structures-lab-I-iiith\ph3-lab-mgmt\exprepos\bubble-sort\build\bubble-sort\e does not exist
2023-04-17T11:31:26.109Z error: [Task.js:143:13] C:\Users\shrey\npmpack\testlab\lab-data-structures-lab-I-iiith\ph3-lab-mgmt\exprepos\bubble-sort\build\bubble-sort\n does not exist
2023-04-17T11:31:26.110Z error: [Task.js:143:13] C:\Users\shrey\npmpack\testlab\lab-data-structures-lab-I-iiith\ph3-lab-mgmt\exprepos\bubble-sort\build\bubble-sort\t does not exist
2023-04-17T11:31:26.525Z error: [Task.js:143:13] C:\Users\shrey\npmpack\testlab\lab-data-structures-lab-I-iiith\ph3-lab-mgmt\exprepos\bubble-sort\build\bubble-sort\bubble-sort\B does not exist
2023-04-17T11:31:26.527Z error: [Task.js:143:13] C:\Users\shrey\npmpack\testlab\lab-data-structures-lab-I-iiith\ph3-lab-mgmt\exprepos\bubble-sort\build\bubble-sort\bubble-sort\u does not exist
2023-04-17T11:31:26.528Z error: [Task.js:143:13] C:\Users\shrey\npmpack\testlab\lab-data-structures-lab-I-iiith\ph3-lab-mgmt\exprepos\bubble-sort\build\bubble-sort\bubble-sort\b does not exist
2023-04-17T11:31:26.529Z error: [Task.js:143:13] C:\Users\shrey\npmpack\testlab\lab-data-structures-lab-I-iiith\ph3-lab-mgmt\exprepos\bubble-sort\build\bubble-sort\bubble-sort\b does not exist
2023-04-17T11:31:26.530Z error: [Task.js:143:13] C:\Users\shrey\npmpack\testlab\lab-data-structures-lab-I-iiith\ph3-lab-mgmt\exprepos\bubble-sort\build\bubble-sort\bubble-sort\l does not exist
2023-04-17T11:31:26.531Z error: [Task.js:143:13] C:\Users\shrey\npmpack\testlab\lab-data-structures-lab-I-iiith\ph3-lab-mgmt\exprepos\bubble-sort\build\bubble-sort\bubble-sort\e does not exist
2023-04-17T11:31:26.532Z error: [Task.js:143:13] C:\Users\shrey\npmpack\testlab\lab-data-structures-lab-I-iiith\ph3-lab-mgmt\exprepos\bubble-sort\build\bubble-sort\bubble-sort\  does not exist
2023-04-17T11:31:26.533Z error: [Task.js:143:13] C:\Users\shrey\npmpack\testlab\lab-data-structures-lab-I-iiith\ph3-lab-mgmt\exprepos\bubble-sort\build\bubble-sort\bubble-sort\S does not exist
2023-04-17T11:31:26.534Z error: [Task.js:143:13] C:\Users\shrey\npmpack\testlab\lab-data-structures-lab-I-iiith\ph3-lab-mgmt\exprepos\bubble-sort\build\bubble-sort\bubble-sort\o does not exist
2023-04-17T11:31:26.536Z error: [Task.js:143:13] C:\Users\shrey\npmpack\testlab\lab-data-structures-lab-I-iiith\ph3-lab-mgmt\exprepos\bubble-sort\build\bubble-sort\bubble-sort\r does not exist
2023-04-17T11:31:26.537Z error: [Task.js:143:13] C:\Users\shrey\npmpack\testlab\lab-data-structures-lab-I-iiith\ph3-lab-mgmt\exprepos\bubble-sort\build\bubble-sort\bubble-sort\t does not exist
2023-04-17T11:31:27.045Z error: [Task.js:143:13] C:\Users\shrey\npmpack\testlab\lab-data-structures-lab-I-iiith\ph3-lab-mgmt\exprepos\bubble-sort\build\bubble-sort\optimized-bubblesort\O does not exist
2023-04-17T11:31:27.046Z error: [Task.js:143:13] C:\Users\shrey\npmpack\testlab\lab-data-structures-lab-I-iiith\ph3-lab-mgmt\exprepos\bubble-sort\build\bubble-sort\optimized-bubblesort\p does not exist
2023-04-17T11:31:27.047Z error: [Task.js:143:13] C:\Users\shrey\npmpack\testlab\lab-data-structures-lab-I-iiith\ph3-lab-mgmt\exprepos\bubble-sort\build\bubble-sort\optimized-bubblesort\t does not exist
2023-04-17T11:31:27.048Z error: [Task.js:143:13] C:\Users\shrey\npmpack\testlab\lab-data-structures-lab-I-iiith\ph3-lab-mgmt\exprepos\bubble-sort\build\bubble-sort\optimized-bubblesort\i does not exist
2023-04-17T11:31:27.049Z error: [Task.js:143:13] C:\Users\shrey\npmpack\testlab\lab-data-structures-lab-I-iiith\ph3-lab-mgmt\exprepos\bubble-sort\build\bubble-sort\optimized-bubblesort\m does not exist
2023-04-17T11:31:27.050Z error: [Task.js:143:13] C:\Users\shrey\npmpack\testlab\lab-data-structures-lab-I-iiith\ph3-lab-mgmt\exprepos\bubble-sort\build\bubble-sort\optimized-bubblesort\i does not exist
2023-04-17T11:31:27.050Z error: [Task.js:143:13] C:\Users\shrey\npmpack\testlab\lab-data-structures-lab-I-iiith\ph3-lab-mgmt\exprepos\bubble-sort\build\bubble-sort\optimized-bubblesort\z does not exist
2023-04-17T11:31:27.051Z error: [Task.js:143:13] C:\Users\shrey\npmpack\testlab\lab-data-structures-lab-I-iiith\ph3-lab-mgmt\exprepos\bubble-sort\build\bubble-sort\optimized-bubblesort\e does not exist
2023-04-17T11:31:27.052Z error: [Task.js:143:13] C:\Users\shrey\npmpack\testlab\lab-data-structures-lab-I-iiith\ph3-lab-mgmt\exprepos\bubble-sort\build\bubble-sort\optimized-bubblesort\d does not exist
2023-04-17T11:31:27.053Z error: [Task.js:143:13] C:\Users\shrey\npmpack\testlab\lab-data-structures-lab-I-iiith\ph3-lab-mgmt\exprepos\bubble-sort\build\bubble-sort\optimized-bubblesort\  does not exist
2023-04-17T11:31:27.054Z error: [Task.js:143:13] C:\Users\shrey\npmpack\testlab\lab-data-structures-lab-I-iiith\ph3-lab-mgmt\exprepos\bubble-sort\build\bubble-sort\optimized-bubblesort\B does not exist
2023-04-17T11:31:27.055Z error: [Task.js:143:13] C:\Users\shrey\npmpack\testlab\lab-data-structures-lab-I-iiith\ph3-lab-mgmt\exprepos\bubble-sort\build\bubble-sort\optimized-bubblesort\u does not exist
2023-04-17T11:31:27.055Z error: [Task.js:143:13] C:\Users\shrey\npmpack\testlab\lab-data-structures-lab-I-iiith\ph3-lab-mgmt\exprepos\bubble-sort\build\bubble-sort\optimized-bubblesort\b does not exist
2023-04-17T11:31:27.056Z error: [Task.js:143:13] C:\Users\shrey\npmpack\testlab\lab-data-structures-lab-I-iiith\ph3-lab-mgmt\exprepos\bubble-sort\build\bubble-sort\optimized-bubblesort\b does not exist
2023-04-17T11:31:27.057Z error: [Task.js:143:13] C:\Users\shrey\npmpack\testlab\lab-data-structures-lab-I-iiith\ph3-lab-mgmt\exprepos\bubble-sort\build\bubble-sort\optimized-bubblesort\l does not exist
2023-04-17T11:31:27.058Z error: [Task.js:143:13] C:\Users\shrey\npmpack\testlab\lab-data-structures-lab-I-iiith\ph3-lab-mgmt\exprepos\bubble-sort\build\bubble-sort\optimized-bubblesort\e does not exist
2023-04-17T11:31:27.060Z error: [Task.js:143:13] C:\Users\shrey\npmpack\testlab\lab-data-structures-lab-I-iiith\ph3-lab-mgmt\exprepos\bubble-sort\build\bubble-sort\optimized-bubblesort\  does not exist
2023-04-17T11:31:27.061Z error: [Task.js:143:13] C:\Users\shrey\npmpack\testlab\lab-data-structures-lab-I-iiith\ph3-lab-mgmt\exprepos\bubble-sort\build\bubble-sort\optimized-bubblesort\S does not exist
2023-04-17T11:31:27.062Z error: [Task.js:143:13] C:\Users\shrey\npmpack\testlab\lab-data-structures-lab-I-iiith\ph3-lab-mgmt\exprepos\bubble-sort\build\bubble-sort\optimized-bubblesort\o does not exist
2023-04-17T11:31:27.063Z error: [Task.js:143:13] C:\Users\shrey\npmpack\testlab\lab-data-structures-lab-I-iiith\ph3-lab-mgmt\exprepos\bubble-sort\build\bubble-sort\optimized-bubblesort\r does not exist
2023-04-17T11:31:27.064Z error: [Task.js:143:13] C:\Users\shrey\npmpack\testlab\lab-data-structures-lab-I-iiith\ph3-lab-mgmt\exprepos\bubble-sort\build\bubble-sort\optimized-bubblesort\t does not exist
2023-04-17T11:31:27.357Z error: [Task.js:143:13] C:\Users\shrey\npmpack\testlab\lab-data-structures-lab-I-iiith\ph3-lab-mgmt\exprepos\bubble-sort\build\bubble-sort\analysis\A does not exist
2023-04-17T11:31:27.358Z error: [Task.js:143:13] C:\Users\shrey\npmpack\testlab\lab-data-structures-lab-I-iiith\ph3-lab-mgmt\exprepos\bubble-sort\build\bubble-sort\analysis\n does not exist
2023-04-17T11:31:27.359Z error: [Task.js:143:13] C:\Users\shrey\npmpack\testlab\lab-data-structures-lab-I-iiith\ph3-lab-mgmt\exprepos\bubble-sort\build\bubble-sort\analysis\a does not exist
2023-04-17T11:31:27.360Z error: [Task.js:143:13] C:\Users\shrey\npmpack\testlab\lab-data-structures-lab-I-iiith\ph3-lab-mgmt\exprepos\bubble-sort\build\bubble-sort\analysis\l does not exist
2023-04-17T11:31:27.361Z error: [Task.js:143:13] C:\Users\shrey\npmpack\testlab\lab-data-structures-lab-I-iiith\ph3-lab-mgmt\exprepos\bubble-sort\build\bubble-sort\analysis\y does not exist
2023-04-17T11:31:27.362Z error: [Task.js:143:13] C:\Users\shrey\npmpack\testlab\lab-data-structures-lab-I-iiith\ph3-lab-mgmt\exprepos\bubble-sort\build\bubble-sort\analysis\s does not exist
2023-04-17T11:31:27.363Z error: [Task.js:143:13] C:\Users\shrey\npmpack\testlab\lab-data-structures-lab-I-iiith\ph3-lab-mgmt\exprepos\bubble-sort\build\bubble-sort\analysis\i does not exist
2023-04-17T11:31:27.364Z error: [Task.js:143:13] C:\Users\shrey\npmpack\testlab\lab-data-structures-lab-I-iiith\ph3-lab-mgmt\exprepos\bubble-sort\build\bubble-sort\analysis\s does not exist
2023-04-17T11:31:34.415Z error: [Task.js:143:13] C:\Users\shrey\npmpack\testlab\lab-data-structures-lab-I-iiith\ph3-lab-mgmt\exprepos\merge-sort\build\merge-sort\M does not exist
2023-04-17T11:31:34.416Z error: [Task.js:143:13] C:\Users\shrey\npmpack\testlab\lab-data-structures-lab-I-iiith\ph3-lab-mgmt\exprepos\merge-sort\build\merge-sort\e does not exist
2023-04-17T11:31:34.417Z error: [Task.js:143:13] C:\Users\shrey\npmpack\testlab\lab-data-structures-lab-I-iiith\ph3-lab-mgmt\exprepos\merge-sort\build\merge-sort\g does not exist
2023-04-17T11:31:34.418Z error: [Task.js:143:13] C:\Users\shrey\npmpack\testlab\lab-data-structures-lab-I-iiith\ph3-lab-mgmt\exprepos\merge-sort\build\merge-sort\e does not exist
2023-04-17T11:31:34.419Z error: [Task.js:143:13] C:\Users\shrey\npmpack\testlab\lab-data-structures-lab-I-iiith\ph3-lab-mgmt\exprepos\merge-sort\build\merge-sort\  does not exist
2023-04-17T11:31:34.420Z error: [Task.js:143:13] C:\Users\shrey\npmpack\testlab\lab-data-structures-lab-I-iiith\ph3-lab-mgmt\exprepos\merge-sort\build\merge-sort\S does not exist
2023-04-17T11:31:34.421Z error: [Task.js:143:13] C:\Users\shrey\npmpack\testlab\lab-data-structures-lab-I-iiith\ph3-lab-mgmt\exprepos\merge-sort\build\merge-sort\o does not exist
2023-04-17T11:31:34.423Z error: [Task.js:143:13] C:\Users\shrey\npmpack\testlab\lab-data-structures-lab-I-iiith\ph3-lab-mgmt\exprepos\merge-sort\build\merge-sort\r does not exist
2023-04-17T11:31:34.424Z error: [Task.js:143:13] C:\Users\shrey\npmpack\testlab\lab-data-structures-lab-I-iiith\ph3-lab-mgmt\exprepos\merge-sort\build\merge-sort\t does not exist
2023-04-17T11:31:34.425Z error: [Task.js:143:13] C:\Users\shrey\npmpack\testlab\lab-data-structures-lab-I-iiith\ph3-lab-mgmt\exprepos\merge-sort\build\merge-sort\  does not exist
2023-04-17T11:31:34.425Z error: [Task.js:143:13] C:\Users\shrey\npmpack\testlab\lab-data-structures-lab-I-iiith\ph3-lab-mgmt\exprepos\merge-sort\build\merge-sort\E does not exist
2023-04-17T11:31:34.426Z error: [Task.js:143:13] C:\Users\shrey\npmpack\testlab\lab-data-structures-lab-I-iiith\ph3-lab-mgmt\exprepos\merge-sort\build\merge-sort\x does not exist
2023-04-17T11:31:34.427Z error: [Task.js:143:13] C:\Users\shrey\npmpack\testlab\lab-data-structures-lab-I-iiith\ph3-lab-mgmt\exprepos\merge-sort\build\merge-sort\p does not exist
2023-04-17T11:31:34.427Z error: [Task.js:143:13] C:\Users\shrey\npmpack\testlab\lab-data-structures-lab-I-iiith\ph3-lab-mgmt\exprepos\merge-sort\build\merge-sort\e does not exist
2023-04-17T11:31:34.428Z error: [Task.js:143:13] C:\Users\shrey\npmpack\testlab\lab-data-structures-lab-I-iiith\ph3-lab-mgmt\exprepos\merge-sort\build\merge-sort\r does not exist
2023-04-17T11:31:34.429Z error: [Task.js:143:13] C:\Users\shrey\npmpack\testlab\lab-data-structures-lab-I-iiith\ph3-lab-mgmt\exprepos\merge-sort\build\merge-sort\i does not exist
2023-04-17T11:31:34.430Z error: [Task.js:143:13] C:\Users\shrey\npmpack\testlab\lab-data-structures-lab-I-iiith\ph3-lab-mgmt\exprepos\merge-sort\build\merge-sort\m does not exist
2023-04-17T11:31:34.430Z error: [Task.js:143:13] C:\Users\shrey\npmpack\testlab\lab-data-structures-lab-I-iiith\ph3-lab-mgmt\exprepos\merge-sort\build\merge-sort\e does not exist
2023-04-17T11:31:34.431Z error: [Task.js:143:13] C:\Users\shrey\npmpack\testlab\lab-data-structures-lab-I-iiith\ph3-lab-mgmt\exprepos\merge-sort\build\merge-sort\n does not exist
2023-04-17T11:31:34.435Z error: [Task.js:143:13] C:\Users\shrey\npmpack\testlab\lab-data-structures-lab-I-iiith\ph3-lab-mgmt\exprepos\merge-sort\build\merge-sort\t does not exist
2023-04-17T11:31:34.695Z error: [Task.js:143:13] C:\Users\shrey\npmpack\testlab\lab-data-structures-lab-I-iiith\ph3-lab-mgmt\exprepos\merge-sort\build\merge-sort\divide-and-conquer\D does not exist
2023-04-17T11:31:34.696Z error: [Task.js:143:13] C:\Users\shrey\npmpack\testlab\lab-data-structures-lab-I-iiith\ph3-lab-mgmt\exprepos\merge-sort\build\merge-sort\divide-and-conquer\i does not exist
2023-04-17T11:31:34.697Z error: [Task.js:143:13] C:\Users\shrey\npmpack\testlab\lab-data-structures-lab-I-iiith\ph3-lab-mgmt\exprepos\merge-sort\build\merge-sort\divide-and-conquer\v does not exist
2023-04-17T11:31:34.698Z error: [Task.js:143:13] C:\Users\shrey\npmpack\testlab\lab-data-structures-lab-I-iiith\ph3-lab-mgmt\exprepos\merge-sort\build\merge-sort\divide-and-conquer\i does not exist
2023-04-17T11:31:34.699Z error: [Task.js:143:13] C:\Users\shrey\npmpack\testlab\lab-data-structures-lab-I-iiith\ph3-lab-mgmt\exprepos\merge-sort\build\merge-sort\divide-and-conquer\d does not exist
2023-04-17T11:31:34.700Z error: [Task.js:143:13] C:\Users\shrey\npmpack\testlab\lab-data-structures-lab-I-iiith\ph3-lab-mgmt\exprepos\merge-sort\build\merge-sort\divide-and-conquer\e does not exist
2023-04-17T11:31:34.701Z error: [Task.js:143:13] C:\Users\shrey\npmpack\testlab\lab-data-structures-lab-I-iiith\ph3-lab-mgmt\exprepos\merge-sort\build\merge-sort\divide-and-conquer\  does not exist
2023-04-17T11:31:34.702Z error: [Task.js:143:13] C:\Users\shrey\npmpack\testlab\lab-data-structures-lab-I-iiith\ph3-lab-mgmt\exprepos\merge-sort\build\merge-sort\divide-and-conquer\a does not exist
2023-04-17T11:31:34.702Z error: [Task.js:143:13] C:\Users\shrey\npmpack\testlab\lab-data-structures-lab-I-iiith\ph3-lab-mgmt\exprepos\merge-sort\build\merge-sort\divide-and-conquer\n does not exist
2023-04-17T11:31:34.702Z error: [Task.js:143:13] C:\Users\shrey\npmpack\testlab\lab-data-structures-lab-I-iiith\ph3-lab-mgmt\exprepos\merge-sort\build\merge-sort\divide-and-conquer\d does not exist
2023-04-17T11:31:34.702Z error: [Task.js:143:13] C:\Users\shrey\npmpack\testlab\lab-data-structures-lab-I-iiith\ph3-lab-mgmt\exprepos\merge-sort\build\merge-sort\divide-and-conquer\  does not exist
2023-04-17T11:31:34.702Z error: [Task.js:143:13] C:\Users\shrey\npmpack\testlab\lab-data-structures-lab-I-iiith\ph3-lab-mgmt\exprepos\merge-sort\build\merge-sort\divide-and-conquer\C does not exist
2023-04-17T11:31:34.703Z error: [Task.js:143:13] C:\Users\shrey\npmpack\testlab\lab-data-structures-lab-I-iiith\ph3-lab-mgmt\exprepos\merge-sort\build\merge-sort\divide-and-conquer\o does not exist
2023-04-17T11:31:34.703Z error: [Task.js:143:13] C:\Users\shrey\npmpack\testlab\lab-data-structures-lab-I-iiith\ph3-lab-mgmt\exprepos\merge-sort\build\merge-sort\divide-and-conquer\n does not exist
2023-04-17T11:33:44.349Z error: [Task.js:143:13] C:\Users\shrey\npmpack\testlab\lab-data-structures-lab-I-iiith\ph3-lab-mgmt\exprepos\merge-sort\build\merge-sort\divide-and-conquer\q does not exist
2023-04-17T11:33:44.350Z error: [Task.js:143:13] C:\Users\shrey\npmpack\testlab\lab-data-structures-lab-I-iiith\ph3-lab-mgmt\exprepos\merge-sort\build\merge-sort\divide-and-conquer\u does not exist
2023-04-17T11:33:44.351Z error: [Task.js:143:13] C:\Users\shrey\npmpack\testlab\lab-data-structures-lab-I-iiith\ph3-lab-mgmt\exprepos\merge-sort\build\merge-sort\divide-and-conquer\e does not exist
2023-04-17T11:33:44.352Z error: [Task.js:143:13] C:\Users\shrey\npmpack\testlab\lab-data-structures-lab-I-iiith\ph3-lab-mgmt\exprepos\merge-sort\build\merge-sort\divide-and-conquer\r does not exist
2023-04-17T11:33:44.361Z error: [Task.js:143:13] C:\Users\shrey\npmpack\testlab\lab-data-structures-lab-I-iiith\ph3-lab-mgmt\exprepos\merge-sort\build\merge-sort\merge-sort-algorithm\M does not exist
2023-04-17T11:33:44.361Z error: [Task.js:143:13] C:\Users\shrey\npmpack\testlab\lab-data-structures-lab-I-iiith\ph3-lab-mgmt\exprepos\merge-sort\build\merge-sort\merge-sort-algorithm\e does not exist
2023-04-17T11:33:44.361Z error: [Task.js:143:13] C:\Users\shrey\npmpack\testlab\lab-data-structures-lab-I-iiith\ph3-lab-mgmt\exprepos\merge-sort\build\merge-sort\merge-sort-algorithm\r does not exist
2023-04-17T11:33:44.361Z error: [Task.js:143:13] C:\Users\shrey\npmpack\testlab\lab-data-structures-lab-I-iiith\ph3-lab-mgmt\exprepos\merge-sort\build\merge-sort\merge-sort-algorithm\g does not exist
2023-04-17T11:33:44.361Z error: [Task.js:143:13] C:\Users\shrey\npmpack\testlab\lab-data-structures-lab-I-iiith\ph3-lab-mgmt\exprepos\merge-sort\build\merge-sort\merge-sort-algorithm\e does not exist
2023-04-17T11:33:44.361Z error: [Task.js:143:13] C:\Users\shrey\npmpack\testlab\lab-data-structures-lab-I-iiith\ph3-lab-mgmt\exprepos\merge-sort\build\merge-sort\merge-sort-algorithm\  does not exist
2023-04-17T11:33:44.362Z error: [Task.js:143:13] C:\Users\shrey\npmpack\testlab\lab-data-structures-lab-I-iiith\ph3-lab-mgmt\exprepos\merge-sort\build\merge-sort\merge-sort-algorithm\S does not exist
2023-04-17T11:33:44.362Z error: [Task.js:143:13] C:\Users\shrey\npmpack\testlab\lab-data-structures-lab-I-iiith\ph3-lab-mgmt\exprepos\merge-sort\build\merge-sort\merge-sort-algorithm\o does not exist
2023-04-17T11:33:44.362Z error: [Task.js:143:13] C:\Users\shrey\npmpack\testlab\lab-data-structures-lab-I-iiith\ph3-lab-mgmt\exprepos\merge-sort\build\merge-sort\merge-sort-algorithm\r does not exist
2023-04-17T11:33:44.394Z error: [Task.js:143:13] C:\Users\shrey\npmpack\testlab\lab-data-structures-lab-I-iiith\ph3-lab-mgmt\exprepos\merge-sort\build\merge-sort\merge-sort-algorithm\t does not exist
2023-04-17T11:33:44.396Z error: [Task.js:143:13] C:\Users\shrey\npmpack\testlab\lab-data-structures-lab-I-iiith\ph3-lab-mgmt\exprepos\merge-sort\build\merge-sort\merge-sort-algorithm\  does not exist
2023-04-17T11:33:44.398Z error: [Task.js:143:13] C:\Users\shrey\npmpack\testlab\lab-data-structures-lab-I-iiith\ph3-lab-mgmt\exprepos\merge-sort\build\merge-sort\merge-sort-algorithm\A does not exist
2023-04-17T11:33:44.405Z error: [Task.js:143:13] C:\Users\shrey\npmpack\testlab\lab-data-structures-lab-I-iiith\ph3-lab-mgmt\exprepos\merge-sort\build\merge-sort\merge-sort-algorithm\l does not exist
2023-04-17T11:33:44.405Z error: [Task.js:143:13] C:\Users\shrey\npmpack\testlab\lab-data-structures-lab-I-iiith\ph3-lab-mgmt\exprepos\merge-sort\build\merge-sort\merge-sort-algorithm\g does not exist
2023-04-17T11:33:44.406Z error: [Task.js:143:13] C:\Users\shrey\npmpack\testlab\lab-data-structures-lab-I-iiith\ph3-lab-mgmt\exprepos\merge-sort\build\merge-sort\merge-sort-algorithm\o does not exist
2023-04-17T11:33:44.407Z error: [Task.js:143:13] C:\Users\shrey\npmpack\testlab\lab-data-structures-lab-I-iiith\ph3-lab-mgmt\exprepos\merge-sort\build\merge-sort\merge-sort-algorithm\r does not exist
2023-04-17T11:33:44.407Z error: [Task.js:143:13] C:\Users\shrey\npmpack\testlab\lab-data-structures-lab-I-iiith\ph3-lab-mgmt\exprepos\merge-sort\build\merge-sort\merge-sort-algorithm\i does not exist
2023-04-17T11:33:44.408Z error: [Task.js:143:13] C:\Users\shrey\npmpack\testlab\lab-data-structures-lab-I-iiith\ph3-lab-mgmt\exprepos\merge-sort\build\merge-sort\merge-sort-algorithm\t does not exist
2023-04-17T11:33:44.408Z error: [Task.js:143:13] C:\Users\shrey\npmpack\testlab\lab-data-structures-lab-I-iiith\ph3-lab-mgmt\exprepos\merge-sort\build\merge-sort\merge-sort-algorithm\h does not exist
2023-04-17T11:33:44.409Z error: [Task.js:143:13] C:\Users\shrey\npmpack\testlab\lab-data-structures-lab-I-iiith\ph3-lab-mgmt\exprepos\merge-sort\build\merge-sort\merge-sort-algorithm\m does not exist
2023-04-17T11:33:44.418Z error: [Task.js:143:13] C:\Users\shrey\npmpack\testlab\lab-data-structures-lab-I-iiith\ph3-lab-mgmt\exprepos\merge-sort\build\merge-sort\analysis\A does not exist
2023-04-17T11:33:44.418Z error: [Task.js:143:13] C:\Users\shrey\npmpack\testlab\lab-data-structures-lab-I-iiith\ph3-lab-mgmt\exprepos\merge-sort\build\merge-sort\analysis\n does not exist
2023-04-17T11:33:44.418Z error: [Task.js:143:13] C:\Users\shrey\npmpack\testlab\lab-data-structures-lab-I-iiith\ph3-lab-mgmt\exprepos\merge-sort\build\merge-sort\analysis\a does not exist
2023-04-17T11:33:44.418Z error: [Task.js:143:13] C:\Users\shrey\npmpack\testlab\lab-data-structures-lab-I-iiith\ph3-lab-mgmt\exprepos\merge-sort\build\merge-sort\analysis\l does not exist
2023-04-17T11:33:44.418Z error: [Task.js:143:13] C:\Users\shrey\npmpack\testlab\lab-data-structures-lab-I-iiith\ph3-lab-mgmt\exprepos\merge-sort\build\merge-sort\analysis\y does not exist
2023-04-17T11:33:44.418Z error: [Task.js:143:13] C:\Users\shrey\npmpack\testlab\lab-data-structures-lab-I-iiith\ph3-lab-mgmt\exprepos\merge-sort\build\merge-sort\analysis\s does not exist
2023-04-17T11:33:44.419Z error: [Task.js:143:13] C:\Users\shrey\npmpack\testlab\lab-data-structures-lab-I-iiith\ph3-lab-mgmt\exprepos\merge-sort\build\merge-sort\analysis\i does not exist
2023-04-17T11:33:44.419Z error: [Task.js:143:13] C:\Users\shrey\npmpack\testlab\lab-data-structures-lab-I-iiith\ph3-lab-mgmt\exprepos\merge-sort\build\merge-sort\analysis\s does not exist
2023-04-17T12:48:58.036Z error: uncaughtException: Cannot find module 'C:\Users\shrey\npmpack\testlab\lab-data-structures-lab-I-iiith\ph3-lab-mgmt\exprepos\bubble-sort\experiment-descriptor.json'
Require stack:
- C:\Users\shrey\npmpack\testlab\lab-data-structures-lab-I-iiith\ph3-lab-mgmt\Experiment.js
- C:\Users\shrey\npmpack\testlab\lab-data-structures-lab-I-iiith\ph3-lab-mgmt\expGen.js
- C:\Users\shrey\npmpack\testlab\lab-data-structures-lab-I-iiith\ph3-lab-mgmt\labGen.js
Error: Cannot find module 'C:\Users\shrey\npmpack\testlab\lab-data-structures-lab-I-iiith\ph3-lab-mgmt\exprepos\bubble-sort\experiment-descriptor.json'
Require stack:
- C:\Users\shrey\npmpack\testlab\lab-data-structures-lab-I-iiith\ph3-lab-mgmt\Experiment.js
- C:\Users\shrey\npmpack\testlab\lab-data-structures-lab-I-iiith\ph3-lab-mgmt\expGen.js
- C:\Users\shrey\npmpack\testlab\lab-data-structures-lab-I-iiith\ph3-lab-mgmt\labGen.js
    at Function.Module._resolveFilename (node:internal/modules/cjs/loader:956:15)
    at Function.Module._load (node:internal/modules/cjs/loader:804:27)
    at Module.require (node:internal/modules/cjs/loader:1028:19)
    at require (node:internal/modules/cjs/helpers:102:18)
    at new Experiment (C:\Users\shrey\npmpack\testlab\lab-data-structures-lab-I-iiith\ph3-lab-mgmt\Experiment.js:38:23)
    at run (C:\Users\shrey\npmpack\testlab\lab-data-structures-lab-I-iiith\ph3-lab-mgmt\expGen.js:20:15)
    at exp_build (C:\Users\shrey\npmpack\testlab\lab-data-structures-lab-I-iiith\ph3-lab-mgmt\labGen.js:242:3)
    at C:\Users\shrey\npmpack\testlab\lab-data-structures-lab-I-iiith\ph3-lab-mgmt\labGen.js:201:5
    at Array.forEach (<anonymous>)
    at publishExperiments (C:\Users\shrey\npmpack\testlab\lab-data-structures-lab-I-iiith\ph3-lab-mgmt\labGen.js:198:15)
2023-04-17T13:05:13.635Z error: uncaughtException: ENOENT: no such file or directory, open 'C:\Users\shrey\npmpack\testlab\lab-data-structures-lab-I-iiith\ph3-lab-mgmt\exprepos\stacks-queues\build\stacks-queues\experiment-name.md'
Error: ENOENT: no such file or directory, open 'C:\Users\shrey\npmpack\testlab\lab-data-structures-lab-I-iiith\ph3-lab-mgmt\exprepos\stacks-queues\build\stacks-queues\experiment-name.md'
    at Object.openSync (node:fs:594:3)
    at Object.readFileSync (node:fs:462:35)
    at Experiment.name (C:\Users\shrey\npmpack\testlab\lab-data-structures-lab-I-iiith\ph3-lab-mgmt\Experiment.js:153:26)
    at Experiment.build (C:\Users\shrey\npmpack\testlab\lab-data-structures-lab-I-iiith\ph3-lab-mgmt\Experiment.js:167:17)
    at run (C:\Users\shrey\npmpack\testlab\lab-data-structures-lab-I-iiith\ph3-lab-mgmt\expGen.js:44:7)
    at exp_build (C:\Users\shrey\npmpack\testlab\lab-data-structures-lab-I-iiith\ph3-lab-mgmt\labGen.js:243:3)
    at C:\Users\shrey\npmpack\testlab\lab-data-structures-lab-I-iiith\ph3-lab-mgmt\labGen.js:202:5
    at Array.forEach (<anonymous>)
    at publishExperiments (C:\Users\shrey\npmpack\testlab\lab-data-structures-lab-I-iiith\ph3-lab-mgmt\labGen.js:199:15)
    at labgen (C:\Users\shrey\npmpack\testlab\lab-data-structures-lab-I-iiith\ph3-lab-mgmt\labGen.js:339:5)
2023-04-17T13:07:23.725Z error: uncaughtException: Command failed: cd ../;
git add license.org lab-descriptor.json build;
git commit -m "Lab generated at Mon Apr 17 2023 18:37:23 GMT+0530";
git push origin master
The system cannot find the path specified.

Error: Command failed: cd ../;
git add license.org lab-descriptor.json build;
git commit -m "Lab generated at Mon Apr 17 2023 18:37:23 GMT+0530";
git push origin master
The system cannot find the path specified.

    at checkExecSyncError (node:child_process:841:11)
    at Object.execSync (node:child_process:912:15)
    at pushlab (C:\Users\shrey\npmpack\testlab\lab-data-structures-lab-I-iiith\ph3-lab-mgmt\labGen.js:382:17)
    at labgen (C:\Users\shrey\npmpack\testlab\lab-data-structures-lab-I-iiith\ph3-lab-mgmt\labGen.js:349:5)
    at Object.<anonymous> (C:\Users\shrey\npmpack\testlab\lab-data-structures-lab-I-iiith\ph3-lab-mgmt\labGen.js:475:1)
    at Module._compile (node:internal/modules/cjs/loader:1126:14)
    at Object.Module._extensions..js (node:internal/modules/cjs/loader:1180:10)
    at Module.load (node:internal/modules/cjs/loader:1004:32)
    at Function.Module._load (node:internal/modules/cjs/loader:839:12)
2023-04-17T13:10:22.554Z error: uncaughtException: Command failed: cd C:\Users\shrey\npmpack\testlab\lab-data-structures-lab-I-iiith;
git add license.org lab-descriptor.json build;
git commit -m "Lab generated at Mon Apr 17 2023 18:40:22 GMT+0530";
git push origin master
The system cannot find the path specified.

Error: Command failed: cd C:\Users\shrey\npmpack\testlab\lab-data-structures-lab-I-iiith;
git add license.org lab-descriptor.json build;
git commit -m "Lab generated at Mon Apr 17 2023 18:40:22 GMT+0530";
git push origin master
The system cannot find the path specified.

    at checkExecSyncError (node:child_process:841:11)
    at Object.execSync (node:child_process:912:15)
    at pushlab (C:\Users\shrey\npmpack\testlab\lab-data-structures-lab-I-iiith\ph3-lab-mgmt\labGen.js:386:17)
    at labgen (C:\Users\shrey\npmpack\testlab\lab-data-structures-lab-I-iiith\ph3-lab-mgmt\labGen.js:353:5)
    at Object.<anonymous> (C:\Users\shrey\npmpack\testlab\lab-data-structures-lab-I-iiith\ph3-lab-mgmt\labGen.js:479:1)
    at Module._compile (node:internal/modules/cjs/loader:1126:14)
    at Object.Module._extensions..js (node:internal/modules/cjs/loader:1180:10)
    at Module.load (node:internal/modules/cjs/loader:1004:32)
    at Function.Module._load (node:internal/modules/cjs/loader:839:12)
2023-04-17T15:30:51.690Z error: [Task.js:147:13] C:\Users\shrey\npmpack\testlab\lab-data-structures-lab-I-iiith\ph3-lab-mgmt\exprepos\bubble-sort\build\bubble-sort\B does not exist
2023-04-17T15:30:51.691Z error: [Task.js:147:13] C:\Users\shrey\npmpack\testlab\lab-data-structures-lab-I-iiith\ph3-lab-mgmt\exprepos\bubble-sort\build\bubble-sort\u does not exist
2023-04-17T15:30:51.692Z error: [Task.js:147:13] C:\Users\shrey\npmpack\testlab\lab-data-structures-lab-I-iiith\ph3-lab-mgmt\exprepos\bubble-sort\build\bubble-sort\b does not exist
2023-04-17T15:30:51.693Z error: [Task.js:147:13] C:\Users\shrey\npmpack\testlab\lab-data-structures-lab-I-iiith\ph3-lab-mgmt\exprepos\bubble-sort\build\bubble-sort\b does not exist
2023-04-17T15:30:51.693Z error: [Task.js:147:13] C:\Users\shrey\npmpack\testlab\lab-data-structures-lab-I-iiith\ph3-lab-mgmt\exprepos\bubble-sort\build\bubble-sort\l does not exist
2023-04-17T15:30:51.694Z error: [Task.js:147:13] C:\Users\shrey\npmpack\testlab\lab-data-structures-lab-I-iiith\ph3-lab-mgmt\exprepos\bubble-sort\build\bubble-sort\e does not exist
2023-04-17T15:30:51.695Z error: [Task.js:147:13] C:\Users\shrey\npmpack\testlab\lab-data-structures-lab-I-iiith\ph3-lab-mgmt\exprepos\bubble-sort\build\bubble-sort\  does not exist
2023-04-17T15:30:51.695Z error: [Task.js:147:13] C:\Users\shrey\npmpack\testlab\lab-data-structures-lab-I-iiith\ph3-lab-mgmt\exprepos\bubble-sort\build\bubble-sort\S does not exist
2023-04-17T15:30:51.697Z error: [Task.js:147:13] C:\Users\shrey\npmpack\testlab\lab-data-structures-lab-I-iiith\ph3-lab-mgmt\exprepos\bubble-sort\build\bubble-sort\o does not exist
2023-04-17T15:30:51.698Z error: [Task.js:147:13] C:\Users\shrey\npmpack\testlab\lab-data-structures-lab-I-iiith\ph3-lab-mgmt\exprepos\bubble-sort\build\bubble-sort\r does not exist
2023-04-17T15:30:51.699Z error: [Task.js:147:13] C:\Users\shrey\npmpack\testlab\lab-data-structures-lab-I-iiith\ph3-lab-mgmt\exprepos\bubble-sort\build\bubble-sort\t does not exist
2023-04-17T15:30:51.700Z error: [Task.js:147:13] C:\Users\shrey\npmpack\testlab\lab-data-structures-lab-I-iiith\ph3-lab-mgmt\exprepos\bubble-sort\build\bubble-sort\  does not exist
2023-04-17T15:30:51.700Z error: [Task.js:147:13] C:\Users\shrey\npmpack\testlab\lab-data-structures-lab-I-iiith\ph3-lab-mgmt\exprepos\bubble-sort\build\bubble-sort\E does not exist
2023-04-17T15:30:51.702Z error: [Task.js:147:13] C:\Users\shrey\npmpack\testlab\lab-data-structures-lab-I-iiith\ph3-lab-mgmt\exprepos\bubble-sort\build\bubble-sort\x does not exist
2023-04-17T15:30:51.703Z error: [Task.js:147:13] C:\Users\shrey\npmpack\testlab\lab-data-structures-lab-I-iiith\ph3-lab-mgmt\exprepos\bubble-sort\build\bubble-sort\p does not exist
2023-04-17T15:30:51.703Z error: [Task.js:147:13] C:\Users\shrey\npmpack\testlab\lab-data-structures-lab-I-iiith\ph3-lab-mgmt\exprepos\bubble-sort\build\bubble-sort\e does not exist
2023-04-17T15:30:51.704Z error: [Task.js:147:13] C:\Users\shrey\npmpack\testlab\lab-data-structures-lab-I-iiith\ph3-lab-mgmt\exprepos\bubble-sort\build\bubble-sort\r does not exist
2023-04-17T15:30:51.705Z error: [Task.js:147:13] C:\Users\shrey\npmpack\testlab\lab-data-structures-lab-I-iiith\ph3-lab-mgmt\exprepos\bubble-sort\build\bubble-sort\i does not exist
2023-04-17T15:30:51.706Z error: [Task.js:147:13] C:\Users\shrey\npmpack\testlab\lab-data-structures-lab-I-iiith\ph3-lab-mgmt\exprepos\bubble-sort\build\bubble-sort\m does not exist
2023-04-17T15:30:51.706Z error: [Task.js:147:13] C:\Users\shrey\npmpack\testlab\lab-data-structures-lab-I-iiith\ph3-lab-mgmt\exprepos\bubble-sort\build\bubble-sort\e does not exist
2023-04-17T15:30:51.707Z error: [Task.js:147:13] C:\Users\shrey\npmpack\testlab\lab-data-structures-lab-I-iiith\ph3-lab-mgmt\exprepos\bubble-sort\build\bubble-sort\n does not exist
2023-04-17T15:30:51.708Z error: [Task.js:147:13] C:\Users\shrey\npmpack\testlab\lab-data-structures-lab-I-iiith\ph3-lab-mgmt\exprepos\bubble-sort\build\bubble-sort\t does not exist
2023-04-17T15:30:52.046Z error: [Task.js:147:13] C:\Users\shrey\npmpack\testlab\lab-data-structures-lab-I-iiith\ph3-lab-mgmt\exprepos\bubble-sort\build\bubble-sort\bubble-sort\B does not exist
2023-04-17T15:30:52.047Z error: [Task.js:147:13] C:\Users\shrey\npmpack\testlab\lab-data-structures-lab-I-iiith\ph3-lab-mgmt\exprepos\bubble-sort\build\bubble-sort\bubble-sort\u does not exist
2023-04-17T15:30:52.048Z error: [Task.js:147:13] C:\Users\shrey\npmpack\testlab\lab-data-structures-lab-I-iiith\ph3-lab-mgmt\exprepos\bubble-sort\build\bubble-sort\bubble-sort\b does not exist
2023-04-17T15:30:52.048Z error: [Task.js:147:13] C:\Users\shrey\npmpack\testlab\lab-data-structures-lab-I-iiith\ph3-lab-mgmt\exprepos\bubble-sort\build\bubble-sort\bubble-sort\b does not exist
2023-04-17T15:30:52.049Z error: [Task.js:147:13] C:\Users\shrey\npmpack\testlab\lab-data-structures-lab-I-iiith\ph3-lab-mgmt\exprepos\bubble-sort\build\bubble-sort\bubble-sort\l does not exist
2023-04-17T15:30:52.050Z error: [Task.js:147:13] C:\Users\shrey\npmpack\testlab\lab-data-structures-lab-I-iiith\ph3-lab-mgmt\exprepos\bubble-sort\build\bubble-sort\bubble-sort\e does not exist
2023-04-17T15:30:52.051Z error: [Task.js:147:13] C:\Users\shrey\npmpack\testlab\lab-data-structures-lab-I-iiith\ph3-lab-mgmt\exprepos\bubble-sort\build\bubble-sort\bubble-sort\  does not exist
2023-04-17T15:30:52.051Z error: [Task.js:147:13] C:\Users\shrey\npmpack\testlab\lab-data-structures-lab-I-iiith\ph3-lab-mgmt\exprepos\bubble-sort\build\bubble-sort\bubble-sort\S does not exist
2023-04-17T15:30:52.052Z error: [Task.js:147:13] C:\Users\shrey\npmpack\testlab\lab-data-structures-lab-I-iiith\ph3-lab-mgmt\exprepos\bubble-sort\build\bubble-sort\bubble-sort\o does not exist
2023-04-17T15:30:52.054Z error: [Task.js:147:13] C:\Users\shrey\npmpack\testlab\lab-data-structures-lab-I-iiith\ph3-lab-mgmt\exprepos\bubble-sort\build\bubble-sort\bubble-sort\r does not exist
2023-04-17T15:30:52.055Z error: [Task.js:147:13] C:\Users\shrey\npmpack\testlab\lab-data-structures-lab-I-iiith\ph3-lab-mgmt\exprepos\bubble-sort\build\bubble-sort\bubble-sort\t does not exist
2023-04-17T15:30:52.374Z error: [Task.js:147:13] C:\Users\shrey\npmpack\testlab\lab-data-structures-lab-I-iiith\ph3-lab-mgmt\exprepos\bubble-sort\build\bubble-sort\optimized-bubblesort\O does not exist
2023-04-17T15:30:52.375Z error: [Task.js:147:13] C:\Users\shrey\npmpack\testlab\lab-data-structures-lab-I-iiith\ph3-lab-mgmt\exprepos\bubble-sort\build\bubble-sort\optimized-bubblesort\p does not exist
2023-04-17T15:30:52.376Z error: [Task.js:147:13] C:\Users\shrey\npmpack\testlab\lab-data-structures-lab-I-iiith\ph3-lab-mgmt\exprepos\bubble-sort\build\bubble-sort\optimized-bubblesort\t does not exist
2023-04-17T15:30:52.377Z error: [Task.js:147:13] C:\Users\shrey\npmpack\testlab\lab-data-structures-lab-I-iiith\ph3-lab-mgmt\exprepos\bubble-sort\build\bubble-sort\optimized-bubblesort\i does not exist
2023-04-17T15:30:52.378Z error: [Task.js:147:13] C:\Users\shrey\npmpack\testlab\lab-data-structures-lab-I-iiith\ph3-lab-mgmt\exprepos\bubble-sort\build\bubble-sort\optimized-bubblesort\m does not exist
2023-04-17T15:30:52.379Z error: [Task.js:147:13] C:\Users\shrey\npmpack\testlab\lab-data-structures-lab-I-iiith\ph3-lab-mgmt\exprepos\bubble-sort\build\bubble-sort\optimized-bubblesort\i does not exist
2023-04-17T15:30:52.380Z error: [Task.js:147:13] C:\Users\shrey\npmpack\testlab\lab-data-structures-lab-I-iiith\ph3-lab-mgmt\exprepos\bubble-sort\build\bubble-sort\optimized-bubblesort\z does not exist
2023-04-17T15:30:52.381Z error: [Task.js:147:13] C:\Users\shrey\npmpack\testlab\lab-data-structures-lab-I-iiith\ph3-lab-mgmt\exprepos\bubble-sort\build\bubble-sort\optimized-bubblesort\e does not exist
2023-04-17T15:30:52.382Z error: [Task.js:147:13] C:\Users\shrey\npmpack\testlab\lab-data-structures-lab-I-iiith\ph3-lab-mgmt\exprepos\bubble-sort\build\bubble-sort\optimized-bubblesort\d does not exist
2023-04-17T15:30:52.383Z error: [Task.js:147:13] C:\Users\shrey\npmpack\testlab\lab-data-structures-lab-I-iiith\ph3-lab-mgmt\exprepos\bubble-sort\build\bubble-sort\optimized-bubblesort\  does not exist
2023-04-17T15:30:52.384Z error: [Task.js:147:13] C:\Users\shrey\npmpack\testlab\lab-data-structures-lab-I-iiith\ph3-lab-mgmt\exprepos\bubble-sort\build\bubble-sort\optimized-bubblesort\B does not exist
2023-04-17T15:30:52.385Z error: [Task.js:147:13] C:\Users\shrey\npmpack\testlab\lab-data-structures-lab-I-iiith\ph3-lab-mgmt\exprepos\bubble-sort\build\bubble-sort\optimized-bubblesort\u does not exist
2023-04-17T15:30:52.386Z error: [Task.js:147:13] C:\Users\shrey\npmpack\testlab\lab-data-structures-lab-I-iiith\ph3-lab-mgmt\exprepos\bubble-sort\build\bubble-sort\optimized-bubblesort\b does not exist
2023-04-17T15:30:52.387Z error: [Task.js:147:13] C:\Users\shrey\npmpack\testlab\lab-data-structures-lab-I-iiith\ph3-lab-mgmt\exprepos\bubble-sort\build\bubble-sort\optimized-bubblesort\b does not exist
2023-04-17T15:30:52.388Z error: [Task.js:147:13] C:\Users\shrey\npmpack\testlab\lab-data-structures-lab-I-iiith\ph3-lab-mgmt\exprepos\bubble-sort\build\bubble-sort\optimized-bubblesort\l does not exist
2023-04-17T15:30:52.389Z error: [Task.js:147:13] C:\Users\shrey\npmpack\testlab\lab-data-structures-lab-I-iiith\ph3-lab-mgmt\exprepos\bubble-sort\build\bubble-sort\optimized-bubblesort\e does not exist
2023-04-17T15:30:52.390Z error: [Task.js:147:13] C:\Users\shrey\npmpack\testlab\lab-data-structures-lab-I-iiith\ph3-lab-mgmt\exprepos\bubble-sort\build\bubble-sort\optimized-bubblesort\  does not exist
2023-04-17T15:30:52.391Z error: [Task.js:147:13] C:\Users\shrey\npmpack\testlab\lab-data-structures-lab-I-iiith\ph3-lab-mgmt\exprepos\bubble-sort\build\bubble-sort\optimized-bubblesort\S does not exist
2023-04-17T15:30:52.392Z error: [Task.js:147:13] C:\Users\shrey\npmpack\testlab\lab-data-structures-lab-I-iiith\ph3-lab-mgmt\exprepos\bubble-sort\build\bubble-sort\optimized-bubblesort\o does not exist
2023-04-17T15:30:52.393Z error: [Task.js:147:13] C:\Users\shrey\npmpack\testlab\lab-data-structures-lab-I-iiith\ph3-lab-mgmt\exprepos\bubble-sort\build\bubble-sort\optimized-bubblesort\r does not exist
2023-04-17T15:30:52.394Z error: [Task.js:147:13] C:\Users\shrey\npmpack\testlab\lab-data-structures-lab-I-iiith\ph3-lab-mgmt\exprepos\bubble-sort\build\bubble-sort\optimized-bubblesort\t does not exist
2023-04-17T15:30:52.669Z error: [Task.js:147:13] C:\Users\shrey\npmpack\testlab\lab-data-structures-lab-I-iiith\ph3-lab-mgmt\exprepos\bubble-sort\build\bubble-sort\analysis\A does not exist
2023-04-17T15:30:52.670Z error: [Task.js:147:13] C:\Users\shrey\npmpack\testlab\lab-data-structures-lab-I-iiith\ph3-lab-mgmt\exprepos\bubble-sort\build\bubble-sort\analysis\n does not exist
2023-04-17T15:30:52.671Z error: [Task.js:147:13] C:\Users\shrey\npmpack\testlab\lab-data-structures-lab-I-iiith\ph3-lab-mgmt\exprepos\bubble-sort\build\bubble-sort\analysis\a does not exist
2023-04-17T15:30:52.672Z error: [Task.js:147:13] C:\Users\shrey\npmpack\testlab\lab-data-structures-lab-I-iiith\ph3-lab-mgmt\exprepos\bubble-sort\build\bubble-sort\analysis\l does not exist
2023-04-17T15:30:52.672Z error: [Task.js:147:13] C:\Users\shrey\npmpack\testlab\lab-data-structures-lab-I-iiith\ph3-lab-mgmt\exprepos\bubble-sort\build\bubble-sort\analysis\y does not exist
2023-04-17T15:30:52.673Z error: [Task.js:147:13] C:\Users\shrey\npmpack\testlab\lab-data-structures-lab-I-iiith\ph3-lab-mgmt\exprepos\bubble-sort\build\bubble-sort\analysis\s does not exist
2023-04-17T15:30:52.674Z error: [Task.js:147:13] C:\Users\shrey\npmpack\testlab\lab-data-structures-lab-I-iiith\ph3-lab-mgmt\exprepos\bubble-sort\build\bubble-sort\analysis\i does not exist
2023-04-17T15:30:52.675Z error: [Task.js:147:13] C:\Users\shrey\npmpack\testlab\lab-data-structures-lab-I-iiith\ph3-lab-mgmt\exprepos\bubble-sort\build\bubble-sort\analysis\s does not exist
